# JRE version: Java(TM) SE Runtime Environment (8.0_131-b11) (build 1.8.0_131-b11)
# Java VM: Java HotSpot(TM) 64-Bit Server VM (25.131-b11 mixed mode windows-amd64 compressed oops)
Heap:
 PSYoungGen      total 113152K, used 71596K [0x00000000eb180000, 0x00000000f4780000, 0x0000000100000000)
  eden space 104448K, 62% used [0x00000000eb180000,0x00000000ef14ae68,0x00000000f1780000)
  from space 8704K, 72% used [0x00000000f1780000,0x00000000f1da0268,0x00000000f2000000)
  to   space 9216K, 0% used [0x00000000f3e80000,0x00000000f3e80000,0x00000000f4780000)
 ParOldGen       total 49152K, used 22554K [0x00000000c1400000, 0x00000000c4400000, 0x00000000eb180000)
  object space 49152K, 45% used [0x00000000c1400000,0x00000000c2a06a38,0x00000000c4400000)
 Metaspace       used 45890K, capacity 46960K, committed 47104K, reserved 1089536K
  class space    used 6243K, capacity 6537K, committed 6656K, reserved 1048576K
GC Heap History (10 events):
Event: 28.054 GC heap before
{Heap before GC invocations=13 (full 1):
 PSYoungGen      total 56832K, used 54269K [0x00000000eb180000, 0x00000000f0700000, 0x0000000100000000)
  eden space 50176K, 100% used [0x00000000eb180000,0x00000000ee280000,0x00000000ee280000)
  from space 6656K, 61% used [0x00000000ee280000,0x00000000ee67f690,0x00000000ee900000)
  to   space 6656K, 0% used [0x00000000f0080000,0x00000000f0080000,0x00000000f0700000)
 ParOldGen       total 31232K, used 10243K [0x00000000c1400000, 0x00000000c3280000, 0x00000000eb180000)
  object space 31232K, 32% used [0x00000000c1400000,0x00000000c1e00fa0,0x00000000c3280000)
 Metaspace       used 31199K, capacity 31772K, committed 32256K, reserved 1077248K
  class space    used 4295K, capacity 4509K, committed 4608K, reserved 1048576K
Event: 28.067 GC heap after
Heap after GC invocations=13 (full 1):
 PSYoungGen      total 80384K, used 5748K [0x00000000eb180000, 0x00000000f0780000, 0x0000000100000000)
  eden space 73728K, 0% used [0x00000000eb180000,0x00000000eb180000,0x00000000ef980000)
  from space 6656K, 86% used [0x00000000f0080000,0x00000000f061d0a0,0x00000000f0700000)
  to   space 7168K, 0% used [0x00000000ef980000,0x00000000ef980000,0x00000000f0080000)
 ParOldGen       total 31232K, used 12035K [0x00000000c1400000, 0x00000000c3280000, 0x00000000eb180000)
  object space 31232K, 38% used [0x00000000c1400000,0x00000000c1fc0fd0,0x00000000c3280000)
 Metaspace       used 31199K, capacity 31772K, committed 32256K, reserved 1077248K
  class space    used 4295K, capacity 4509K, committed 4608K, reserved 1048576K
}
Event: 29.630 GC heap before
{Heap before GC invocations=14 (full 1):
 PSYoungGen      total 80384K, used 79128K [0x00000000eb180000, 0x00000000f0780000, 0x0000000100000000)
  eden space 73728K, 99% used [0x00000000eb180000,0x00000000ef929070,0x00000000ef980000)
  from space 6656K, 86% used [0x00000000f0080000,0x00000000f061d0a0,0x00000000f0700000)
  to   space 7168K, 0% used [0x00000000ef980000,0x00000000ef980000,0x00000000f0080000)
 ParOldGen       total 31232K, used 12035K [0x00000000c1400000, 0x00000000c3280000, 0x00000000eb180000)
  object space 31232K, 38% used [0x00000000c1400000,0x00000000c1fc0fd0,0x00000000c3280000)
 Metaspace       used 34568K, capacity 35162K, committed 35456K, reserved 1079296K
  class space    used 4725K, capacity 4928K, committed 4992K, reserved 1048576K
Event: 29.654 GC heap after
Heap after GC invocations=14 (full 1):
 PSYoungGen      total 80896K, used 7156K [0x00000000eb180000, 0x00000000f2c00000, 0x0000000100000000)
  eden space 73728K, 0% used [0x00000000eb180000,0x00000000eb180000,0x00000000ef980000)
  from space 7168K, 99% used [0x00000000ef980000,0x00000000f007d0c8,0x00000000f0080000)
  to   space 9216K, 0% used [0x00000000f2300000,0x00000000f2300000,0x00000000f2c00000)
 ParOldGen       total 31232K, used 15390K [0x00000000c1400000, 0x00000000c3280000, 0x00000000eb180000)
  object space 31232K, 49% used [0x00000000c1400000,0x00000000c2307878,0x00000000c3280000)
 Metaspace       used 34568K, capacity 35162K, committed 35456K, reserved 1079296K
  class space    used 4725K, capacity 4928K, committed 4992K, reserved 1048576K
}
Event: 29.654 GC heap before
{Heap before GC invocations=15 (full 2):
 PSYoungGen      total 80896K, used 7156K [0x00000000eb180000, 0x00000000f2c00000, 0x0000000100000000)
  eden space 73728K, 0% used [0x00000000eb180000,0x00000000eb180000,0x00000000ef980000)
  from space 7168K, 99% used [0x00000000ef980000,0x00000000f007d0c8,0x00000000f0080000)
  to   space 9216K, 0% used [0x00000000f2300000,0x00000000f2300000,0x00000000f2c00000)
 ParOldGen       total 31232K, used 15390K [0x00000000c1400000, 0x00000000c3280000, 0x00000000eb180000)
  object space 31232K, 49% used [0x00000000c1400000,0x00000000c2307878,0x00000000c3280000)
 Metaspace       used 34568K, capacity 35162K, committed 35456K, reserved 1079296K
  class space    used 4725K, capacity 4928K, committed 4992K, reserved 1048576K
Event: 29.808 GC heap after
Heap after GC invocations=15 (full 2):
 PSYoungGen      total 80896K, used 0K [0x00000000eb180000, 0x00000000f2c00000, 0x0000000100000000)
  eden space 73728K, 0% used [0x00000000eb180000,0x00000000eb180000,0x00000000ef980000)
  from space 7168K, 0% used [0x00000000ef980000,0x00000000ef980000,0x00000000f0080000)
  to   space 9216K, 0% used [0x00000000f2300000,0x00000000f2300000,0x00000000f2c00000)
 ParOldGen       total 49152K, used 20142K [0x00000000c1400000, 0x00000000c4400000, 0x00000000eb180000)
  object space 49152K, 40% used [0x00000000c1400000,0x00000000c27ab9e0,0x00000000c4400000)
 Metaspace       used 34568K, capacity 35162K, committed 35456K, reserved 1079296K
  class space    used 4725K, capacity 4928K, committed 4992K, reserved 1048576K
}
Event: 38.624 GC heap before
{Heap before GC invocations=16 (full 2):
 PSYoungGen      total 80896K, used 73728K [0x00000000eb180000, 0x00000000f2c00000, 0x0000000100000000)
  eden space 73728K, 100% used [0x00000000eb180000,0x00000000ef980000,0x00000000ef980000)
  from space 7168K, 0% used [0x00000000ef980000,0x00000000ef980000,0x00000000f0080000)
  to   space 9216K, 0% used [0x00000000f2300000,0x00000000f2300000,0x00000000f2c00000)
 ParOldGen       total 49152K, used 20142K [0x00000000c1400000, 0x00000000c4400000, 0x00000000eb180000)
  object space 49152K, 40% used [0x00000000c1400000,0x00000000c27ab9e0,0x00000000c4400000)
 Metaspace       used 40592K, capacity 41308K, committed 41728K, reserved 1085440K
  class space    used 5533K, capacity 5795K, committed 5888K, reserved 1048576K
Event: 38.634 GC heap after
Heap after GC invocations=16 (full 2):
 PSYoungGen      total 107008K, used 5336K [0x00000000eb180000, 0x00000000f2880000, 0x0000000100000000)
  eden space 101376K, 0% used [0x00000000eb180000,0x00000000eb180000,0x00000000f1480000)
  from space 5632K, 94% used [0x00000000f2300000,0x00000000f2836020,0x00000000f2880000)
  to   space 8704K, 0% used [0x00000000f1780000,0x00000000f1780000,0x00000000f2000000)
 ParOldGen       total 49152K, used 20214K [0x00000000c1400000, 0x00000000c4400000, 0x00000000eb180000)
  object space 49152K, 41% used [0x00000000c1400000,0x00000000c27bd9f0,0x00000000c4400000)
 Metaspace       used 40592K, capacity 41308K, committed 41728K, reserved 1085440K
  class space    used 5533K, capacity 5795K, committed 5888K, reserved 1048576K
}
Event: 47.081 GC heap before
{Heap before GC invocations=17 (full 2):
 PSYoungGen      total 107008K, used 106712K [0x00000000eb180000, 0x00000000f2880000, 0x0000000100000000)
  eden space 101376K, 100% used [0x00000000eb180000,0x00000000f1480000,0x00000000f1480000)
  from space 5632K, 94% used [0x00000000f2300000,0x00000000f2836020,0x00000000f2880000)
  to   space 8704K, 0% used [0x00000000f1780000,0x00000000f1780000,0x00000000f2000000)
 ParOldGen       total 49152K, used 20214K [0x00000000c1400000, 0x00000000c4400000, 0x00000000eb180000)
  object space 49152K, 41% used [0x00000000c1400000,0x00000000c27bd9f0,0x00000000c4400000)
 Metaspace       used 42784K, capacity 43566K, committed 44032K, reserved 1087488K
  class space    used 5819K, capacity 6076K, committed 6144K, reserved 1048576K
Event: 47.094 GC heap after
Heap after GC invocations=17 (full 2):
 PSYoungGen      total 113152K, used 6272K [0x00000000eb180000, 0x00000000f4780000, 0x0000000100000000)
  eden space 104448K, 0% used [0x00000000eb180000,0x00000000eb180000,0x00000000f1780000)
  from space 8704K, 72% used [0x00000000f1780000,0x00000000f1da0268,0x00000000f2000000)
  to   space 9216K, 0% used [0x00000000f3e80000,0x00000000f3e80000,0x00000000f4780000)
 ParOldGen       total 49152K, used 22554K [0x00000000c1400000, 0x00000000c4400000, 0x00000000eb180000)
  object space 49152K, 45% used [0x00000000c1400000,0x00000000c2a06a38,0x00000000c4400000)
 Metaspace       used 42784K, capacity 43566K, committed 44032K, reserved 1087488K
  class space    used 5819K, capacity 6076K, committed 6144K, reserved 1048576K
}

